[debug] [2022-03-17T21:19:45.101Z] ----------------------------------------------------------------------
[debug] [2022-03-17T21:19:45.103Z] Command:       C:\Program Files\nodejs\node.exe C:\Users\Asus\AppData\Roaming\npm\node_modules\firebase-tools\lib\bin\firebase.js init
[debug] [2022-03-17T21:19:45.103Z] CLI Version:   10.4.0
[debug] [2022-03-17T21:19:45.104Z] Platform:      win32
[debug] [2022-03-17T21:19:45.104Z] Node Version:  v14.17.6
[debug] [2022-03-17T21:19:45.105Z] Time:          Fri Mar 18 2022 00:19:45 GMT+0300 (Moscow Standard Time)
[debug] [2022-03-17T21:19:45.105Z] ----------------------------------------------------------------------
[debug] 
[debug] [2022-03-17T21:19:45.187Z] > command requires scopes: ["email","openid","https://www.googleapis.com/auth/cloudplatformprojects.readonly","https://www.googleapis.com/auth/firebase","https://www.googleapis.com/auth/cloud-platform"]
[debug] [2022-03-17T21:19:45.187Z] > authorizing via signed-in user (punkypong1@gmail.com)
[info] 
     ######## #### ########  ######## ########     ###     ######  ########
     ##        ##  ##     ## ##       ##     ##  ##   ##  ##       ##
     ######    ##  ########  ######   ########  #########  ######  ######
     ##        ##  ##    ##  ##       ##     ## ##     ##       ## ##
     ##       #### ##     ## ######## ########  ##     ##  ######  ########

You're about to initialize a Firebase project in this directory:

  C:\work\iTechArt\anki-app

Before we get started, keep in mind:

  * You are currently outside your home directory
  * You are initializing within an existing Firebase project directory

[info] 
=== Project Setup
[info] 
[info] First, let's associate this project directory with a Firebase project.
[info] You can create multiple project aliases by running firebase use --add, 
[info] but for now we'll just set up a default project.
[info] 
[debug] [2022-03-17T21:20:00.224Z] Using project from CLI flag: memory-cardz
[debug] [2022-03-17T21:20:00.227Z] >>> [apiv2][query] GET https://firebase.googleapis.com/v1beta1/projects/memory-cardz [none]
[debug] [2022-03-17T21:20:00.835Z] <<< [apiv2][status] GET https://firebase.googleapis.com/v1beta1/projects/memory-cardz 200
[debug] [2022-03-17T21:20:00.835Z] <<< [apiv2][body] GET https://firebase.googleapis.com/v1beta1/projects/memory-cardz {"projectId":"memory-cardz","projectNumber":"882302854456","displayName":"Memory Cardz","name":"projects/memory-cardz","resources":{"hostingSite":"memory-cardz","storageBucket":"memory-cardz.appspot.com","locationId":"europe-central2"},"state":"ACTIVE"}
[info] i  Using project memory-cardz (Memory Cardz) 
[info] 
=== Hosting Setup
[info] 
[info] Your public directory is the folder (relative to your project directory) that
[info] will contain Hosting assets to be uploaded with firebase deploy. If you
[info] have a build process for your assets, use your build's output directory.
[info] 
[debug] [2022-03-17T21:20:14.956Z] >>> [apiv2][query] GET https://www.gstatic.com/firebasejs/releases.json [none]
[debug] [2022-03-17T21:20:15.392Z] <<< [apiv2][status] GET https://www.gstatic.com/firebasejs/releases.json 200
[debug] [2022-03-17T21:20:15.392Z] <<< [apiv2][body] GET https://www.gstatic.com/firebasejs/releases.json {"current":{"version":"9.6.9","browserURL":"https://www.gstatic.com/firebasejs/9.6.9/firebase.js","packageURL":"https://www.gstatic.com/firebasejs/9.6.9/firebase.tgz"},"live":{"version":"9.6","browserURL":"https://www.gstatic.com/firebasejs/live/9.6/firebase.js","packageURL":"https://www.gstatic.com/firebasejs/live/9.6/firebase.tgz"},"components":{"analytics":"https://www.gstatic.com/firebasejs/9.6.9/firebase-analytics.js","app":"https://www.gstatic.com/firebasejs/9.6.9/firebase-app.js","app-check":"https://www.gstatic.com/firebasejs/9.6.9/firebase-app-check.js","auth":"https://www.gstatic.com/firebasejs/9.6.9/firebase-auth.js","auth/cordova":"https://www.gstatic.com/firebasejs/9.6.9/firebase-auth/cordova.js","auth/react-native":"https://www.gstatic.com/firebasejs/9.6.9/firebase-auth/react-native.js","functions":"https://www.gstatic.com/firebasejs/9.6.9/firebase-functions.js","firestore":"https://www.gstatic.com/firebasejs/9.6.9/firebase-firestore.js","firestore/lite":"https://www.gstatic.com/firebasejs/9.6.9/firebase-firestore/lite.js","storage":"https://www.gstatic.com/firebasejs/9.6.9/firebase-storage.js","performance":"https://www.gstatic.com/firebasejs/9.6.9/firebase-performance.js","remote-config":"https://www.gstatic.com/firebasejs/9.6.9/firebase-remote-config.js","messaging":"https://www.gstatic.com/firebasejs/9.6.9/firebase-messaging.js","messaging/sw":"https://www.gstatic.com/firebasejs/9.6.9/firebase-messaging/sw.js","database":"https://www.gstatic.com/firebasejs/9.6.9/firebase-database.js","firestore.memory":"https://www.gstatic.com/firebasejs/9.6.9/firebase-firestore.memory.js"}}
